<?xml version="1.0" encoding="utf-8"?><testsuites><testsuite name="pytest" errors="0" failures="0" skipped="0" tests="3" time="31.732" timestamp="2024-03-09T12:58:52.231240" hostname="DESKTOP-29CO3NL"><testcase classname="test_HomePage.TestHomePage" name="test_FormSubmission[getData0]" time="10.917" /><testcase classname="test_HomePage.TestHomePage" name="test_FormSubmission[getData1]" time="3.315" /><testcase classname="test_e2e.TestOne" name="test_e2e" time="17.417" /></testsuite></testsuites>